GCCcore/11.3.0
zlib/1.2.12-GCCcore-11.3.0
binutils/2.38-GCCcore-11.3.0
GCC/11.3.0
numactl/2.0.14-GCCcore-11.3.0
XZ/5.2.5-GCCcore-11.3.0
libxml2/2.9.13-GCCcore-11.3.0
libpciaccess/0.16-GCCcore-11.3.0
hwloc/2.7.1-GCCcore-11.3.0
OpenSSL/1.1
libevent/2.1.12-GCCcore-11.3.0
UCX/1.12.1-GCCcore-11.3.0
libfabric/1.15.1-GCCcore-11.3.0
PMIx/4.1.2-GCCcore-11.3.0
UCC/1.0.0-GCCcore-11.3.0
OpenMPI/4.1.4-GCC-11.3.0
OpenBLAS/0.3.20-GCC-11.3.0
FlexiBLAS/3.2.0-GCC-11.3.0
FFTW/3.3.10-GCC-11.3.0
gompi/2022a
FFTW.MPI/3.3.10-gompi-2022a
ScaLAPACK/2.2.0-gompi-2022a-fb
foss/2022a
bzip2/1.0.8-GCCcore-11.3.0
ncurses/6.3-GCCcore-11.3.0
libreadline/8.1.2-GCCcore-11.3.0
ncurses/6.3-GCCcore-11.3.0
Tcl/8.6.12-GCCcore-11.3.0
SQLite/3.38.3-GCCcore-11.3.0
GMP/6.2.1-GCCcore-11.3.0
libffi/3.4.2-GCCcore-11.3.0
Python/3.10.4-GCCcore-11.3.0
libyaml/0.2.5-GCCcore-11.3.0
PyYAML/6.0-GCCcore-11.3.0
pybind11/2.9.2-GCCcore-11.3.0
SciPy-bundle/2022.05-foss-2022a
ICU/71.1-GCCcore-11.3.0
Boost/1.79.0-GCC-11.3.0
lz4/1.9.3-GCCcore-11.3.0
gzip/1.12-GCCcore-11.3.0
zstd/1.5.2-GCCcore-11.3.0
snappy/1.1.9-GCCcore-11.3.0
RapidJSON/1.1.0-GCCcore-11.3.0
RE2/2022-06-01-GCCcore-11.3.0
utf8proc/2.7.0-GCCcore-11.3.0
Arrow/8.0.0-foss-2022a
scikit-learn/1.1.2-foss-2022a
tqdm/4.64.0-GCCcore-11.3.0
networkx/2.8.4-foss-2022a
NASM/2.15.05-GCCcore-11.3.0
libjpeg-turbo/2.1.3-GCCcore-11.3.0
libpng/1.6.37-GCCcore-11.3.0
jbigkit/2.1-GCCcore-11.3.0
libdeflate/1.10-GCCcore-11.3.0
LibTIFF/4.3.0-GCCcore-11.3.0
Brotli/1.0.9-GCCcore-11.3.0
freetype/2.12.1-GCCcore-11.3.0
Pillow/9.1.1-GCCcore-11.3.0
bokeh/2.4.3-foss-2022a
dask/2022.10.0-foss-2022a
aiohttp/3.8.3-GCCcore-11.3.0
dill/0.3.6-GCCcore-11.3.0
Szip/2.1.1-GCCcore-11.3.0
HDF5/1.12.2-gompi-2022a
h5py/3.7.0-foss-2022a
LLVM/12.0.1-GCCcore-11.3.0
numba/0.56.4-foss-2022a
loompy/3.0.7-foss-2022a
umap-learn/0.5.3-foss-2022a
pySCENIC/0.12.1-foss-2022a
Checking hg38_10kbp_up_10kbp_down_full_tx_v10_clust.genes_vs_motifs.rankings.feather ...
  already present (non-empty)
Checking hg38_500bp_up_100bp_down_full_tx_v10_clust.genes_vs_motifs.rankings.feather ...
  already present (non-empty)
Checking motifs-v10nr_clust-nr.hgnc-m0.001-o0.0.tbl ...
  already present (non-empty)
performing XGBoost algo with grn

2025-09-12 01:36:47,451 - pyscenic.cli.pyscenic - INFO - Loading expression matrix.

2025-09-12 01:40:11,328 - pyscenic.cli.pyscenic - INFO - Inferring regulatory networks.
2025-09-12 02:47:32,691 - distributed.worker - WARNING - Heartbeat to scheduler failed
Traceback (most recent call last):
  File "/rds/bear-apps/2022a/EL8-ice/software/dask/2022.10.0-foss-2022a/lib/python3.10/site-packages/distributed/comm/tcp.py", line 225, in read
    frames_nbytes = await stream.read_bytes(fmt_size)
tornado.iostream.StreamClosedError: Stream is closed

The above exception was the direct cause of the following exception:

Traceback (most recent call last):
  File "/rds/bear-apps/2022a/EL8-ice/software/dask/2022.10.0-foss-2022a/lib/python3.10/site-packages/distributed/worker.py", line 1205, in heartbeat
    response = await retry_operation(
  File "/rds/bear-apps/2022a/EL8-ice/software/dask/2022.10.0-foss-2022a/lib/python3.10/site-packages/distributed/utils_comm.py", line 383, in retry_operation
    return await retry(
  File "/rds/bear-apps/2022a/EL8-ice/software/dask/2022.10.0-foss-2022a/lib/python3.10/site-packages/distributed/utils_comm.py", line 368, in retry
    return await coro()
  File "/rds/bear-apps/2022a/EL8-ice/software/dask/2022.10.0-foss-2022a/lib/python3.10/site-packages/distributed/core.py", line 1154, in send_recv_from_rpc
    return await send_recv(comm=comm, op=key, **kwargs)
  File "/rds/bear-apps/2022a/EL8-ice/software/dask/2022.10.0-foss-2022a/lib/python3.10/site-packages/distributed/core.py", line 919, in send_recv
    response = await comm.read(deserializers=deserializers)
  File "/rds/bear-apps/2022a/EL8-ice/software/dask/2022.10.0-foss-2022a/lib/python3.10/site-packages/distributed/comm/tcp.py", line 241, in read
    convert_stream_closed_error(self, e)
  File "/rds/bear-apps/2022a/EL8-ice/software/dask/2022.10.0-foss-2022a/lib/python3.10/site-packages/distributed/comm/tcp.py", line 144, in convert_stream_closed_error
    raise CommClosedError(f"in {obj}: {exc}") from exc
distributed.comm.core.CommClosedError: in <TCP (closed) ConnectionPool.heartbeat_worker local=tcp://127.0.0.1:33168 remote=tcp://127.0.0.1:37119>: Stream is closed
2025-09-12 02:47:32,694 - distributed.worker - WARNING - Heartbeat to scheduler failed
Traceback (most recent call last):
  File "/rds/bear-apps/2022a/EL8-ice/software/dask/2022.10.0-foss-2022a/lib/python3.10/site-packages/distributed/comm/tcp.py", line 225, in read
    frames_nbytes = await stream.read_bytes(fmt_size)
tornado.iostream.StreamClosedError: Stream is closed

The above exception was the direct cause of the following exception:

Traceback (most recent call last):
  File "/rds/bear-apps/2022a/EL8-ice/software/dask/2022.10.0-foss-2022a/lib/python3.10/site-packages/distributed/worker.py", line 1205, in heartbeat
    response = await retry_operation(
  File "/rds/bear-apps/2022a/EL8-ice/software/dask/2022.10.0-foss-2022a/lib/python3.10/site-packages/distributed/utils_comm.py", line 383, in retry_operation
    return await retry(
  File "/rds/bear-apps/2022a/EL8-ice/software/dask/2022.10.0-foss-2022a/lib/python3.10/site-packages/distributed/utils_comm.py", line 368, in retry
    return await coro()
  File "/rds/bear-apps/2022a/EL8-ice/software/dask/2022.10.0-foss-2022a/lib/python3.10/site-packages/distributed/core.py", line 1154, in send_recv_from_rpc
    return await send_recv(comm=comm, op=key, **kwargs)
  File "/rds/bear-apps/2022a/EL8-ice/software/dask/2022.10.0-foss-2022a/lib/python3.10/site-packages/distributed/core.py", line 919, in send_recv
    response = await comm.read(deserializers=deserializers)
  File "/rds/bear-apps/2022a/EL8-ice/software/dask/2022.10.0-foss-2022a/lib/python3.10/site-packages/distributed/comm/tcp.py", line 241, in read
    convert_stream_closed_error(self, e)
  File "/rds/bear-apps/2022a/EL8-ice/software/dask/2022.10.0-foss-2022a/lib/python3.10/site-packages/distributed/comm/tcp.py", line 144, in convert_stream_closed_error
    raise CommClosedError(f"in {obj}: {exc}") from exc
distributed.comm.core.CommClosedError: in <TCP (closed) ConnectionPool.heartbeat_worker local=tcp://127.0.0.1:33174 remote=tcp://127.0.0.1:37119>: Stream is closed
2025-09-12 02:47:32,699 - distributed.worker - WARNING - Heartbeat to scheduler failed
Traceback (most recent call last):
  File "/rds/bear-apps/2022a/EL8-ice/software/dask/2022.10.0-foss-2022a/lib/python3.10/site-packages/distributed/comm/tcp.py", line 225, in read
    frames_nbytes = await stream.read_bytes(fmt_size)
tornado.iostream.StreamClosedError: Stream is closed

The above exception was the direct cause of the following exception:

Traceback (most recent call last):
  File "/rds/bear-apps/2022a/EL8-ice/software/dask/2022.10.0-foss-2022a/lib/python3.10/site-packages/distributed/worker.py", line 1205, in heartbeat
    response = await retry_operation(
  File "/rds/bear-apps/2022a/EL8-ice/software/dask/2022.10.0-foss-2022a/lib/python3.10/site-packages/distributed/utils_comm.py", line 383, in retry_operation
    return await retry(
  File "/rds/bear-apps/2022a/EL8-ice/software/dask/2022.10.0-foss-2022a/lib/python3.10/site-packages/distributed/utils_comm.py", line 368, in retry
    return await coro()
  File "/rds/bear-apps/2022a/EL8-ice/software/dask/2022.10.0-foss-2022a/lib/python3.10/site-packages/distributed/core.py", line 1154, in send_recv_from_rpc
    return await send_recv(comm=comm, op=key, **kwargs)
  File "/rds/bear-apps/2022a/EL8-ice/software/dask/2022.10.0-foss-2022a/lib/python3.10/site-packages/distributed/core.py", line 919, in send_recv
    response = await comm.read(deserializers=deserializers)
  File "/rds/bear-apps/2022a/EL8-ice/software/dask/2022.10.0-foss-2022a/lib/python3.10/site-packages/distributed/comm/tcp.py", line 241, in read
    convert_stream_closed_error(self, e)
  File "/rds/bear-apps/2022a/EL8-ice/software/dask/2022.10.0-foss-2022a/lib/python3.10/site-packages/distributed/comm/tcp.py", line 144, in convert_stream_closed_error
    raise CommClosedError(f"in {obj}: {exc}") from exc
distributed.comm.core.CommClosedError: in <TCP (closed) ConnectionPool.heartbeat_worker local=tcp://127.0.0.1:33212 remote=tcp://127.0.0.1:37119>: Stream is closed
2025-09-12 02:47:32,701 - distributed.worker - WARNING - Heartbeat to scheduler failed
Traceback (most recent call last):
  File "/rds/bear-apps/2022a/EL8-ice/software/dask/2022.10.0-foss-2022a/lib/python3.10/site-packages/distributed/comm/tcp.py", line 225, in read
    frames_nbytes = await stream.read_bytes(fmt_size)
tornado.iostream.StreamClosedError: Stream is closed

The above exception was the direct cause of the following exception:

Traceback (most recent call last):
  File "/rds/bear-apps/2022a/EL8-ice/software/dask/2022.10.0-foss-2022a/lib/python3.10/site-packages/distributed/worker.py", line 1205, in heartbeat
    response = await retry_operation(
  File "/rds/bear-apps/2022a/EL8-ice/software/dask/2022.10.0-foss-2022a/lib/python3.10/site-packages/distributed/utils_comm.py", line 383, in retry_operation
    return await retry(
  File "/rds/bear-apps/2022a/EL8-ice/software/dask/2022.10.0-foss-2022a/lib/python3.10/site-packages/distributed/utils_comm.py", line 368, in retry
    return await coro()
  File "/rds/bear-apps/2022a/EL8-ice/software/dask/2022.10.0-foss-2022a/lib/python3.10/site-packages/distributed/core.py", line 1154, in send_recv_from_rpc
    return await send_recv(comm=comm, op=key, **kwargs)
  File "/rds/bear-apps/2022a/EL8-ice/software/dask/2022.10.0-foss-2022a/lib/python3.10/site-packages/distributed/core.py", line 919, in send_recv
    response = await comm.read(deserializers=deserializers)
  File "/rds/bear-apps/2022a/EL8-ice/software/dask/2022.10.0-foss-2022a/lib/python3.10/site-packages/distributed/comm/tcp.py", line 241, in read
    convert_stream_closed_error(self, e)
  File "/rds/bear-apps/2022a/EL8-ice/software/dask/2022.10.0-foss-2022a/lib/python3.10/site-packages/distributed/comm/tcp.py", line 144, in convert_stream_closed_error
    raise CommClosedError(f"in {obj}: {exc}") from exc
distributed.comm.core.CommClosedError: in <TCP (closed) ConnectionPool.heartbeat_worker local=tcp://127.0.0.1:33152 remote=tcp://127.0.0.1:37119>: Stream is closed

2025-09-12 02:47:35,021 - pyscenic.cli.pyscenic - INFO - Writing results to file.
preparing dask client
parsing input
creating dask graph
48 partitions
computing dask graph
not shutting down client, client was created externally
finished
performing pyscenic ctx step
usage: pyscenic ctx [-h] [-o OUTPUT] [-n] [--chunk_size CHUNK_SIZE]
                    [--mode {custom_multiprocessing,dask_multiprocessing,dask_cluster}]
                    [-a] [-t] [--rank_threshold RANK_THRESHOLD]
                    [--auc_threshold AUC_THRESHOLD]
                    [--nes_threshold NES_THRESHOLD]
                    [--min_orthologous_identity MIN_ORTHOLOGOUS_IDENTITY]
                    [--max_similarity_fdr MAX_SIMILARITY_FDR]
                    --annotations_fname ANNOTATIONS_FNAME
                    [--num_workers NUM_WORKERS]
                    [--client_or_address CLIENT_OR_ADDRESS]
                    [--thresholds THRESHOLDS [THRESHOLDS ...]]
                    [--top_n_targets TOP_N_TARGETS [TOP_N_TARGETS ...]]
                    [--top_n_regulators TOP_N_REGULATORS [TOP_N_REGULATORS ...]]
                    [--min_genes MIN_GENES]
                    [--expression_mtx_fname EXPRESSION_MTX_FNAME]
                    [--mask_dropouts] [--cell_id_attribute CELL_ID_ATTRIBUTE]
                    [--gene_attribute GENE_ATTRIBUTE] [--sparse]
                    module_fname database_fname [database_fname ...]
pyscenic ctx: error: argument database_fname: can't open 'hg38_500bp_up_100bp_down_full_tx_v10_clust.genes_vs_motifs.rankings.feather': [Errno 2] No such file or directory: 'hg38_500bp_up_100bp_down_full_tx_v10_clust.genes_vs_motifs.rankings.feather'
